2026-04-21 15:40:29 | ERROR    | MonitorID.M1 | Dimension.COMPLETENESS | gmdb_plate_info 核心代码不一致 | online=6, snapshot=1, missing=[], extra=["0424", "0438", "0439", "0443", "0447"]
2026-04-21 15:40:30 | WARNING  | MonitorID.M1 | Dimension.COMPLETENESS | Pulsar 采集失败，跳过完整性比对 | error=Pulsar connection timeout
2026-04-21 15:48:41 | ERROR    | MonitorID.M1 | Dimension.COMPLETENESS | gmdb_plate_info 核心代码不一致 | online=6, snapshot=1, missing=[], extra=["0424", "0438", "0439", "0443", "0447"]
2026-04-21 16:09:03 | ERROR    | MonitorID.M1 | Dimension.COMPLETENESS | gmdb_plate_info 核心代码不一致 | online=6, snapshot=1, missing=[], extra=["0424", "0438", "0439", "0443", "0447"]
2026-04-21 16:09:03 | WARNING  | MonitorID.M1 | Dimension.COMPLETENESS | Pulsar 采集失败，跳过完整性比对 | error=Pulsar connection timeout
2026-04-21 20:58:58 | ERROR    | MonitorID.M1 | Dimension.COMPLETENESS | gmdb_plate_info 核心代码不一致 | online=6, snapshot=1, missing=[], extra=["0424", "0438", "0439", "0443", "0447"]
2026-04-21 20:58:58 | WARNING  | MonitorID.M1 | Dimension.COMPLETENESS | Pulsar 采集失败，跳过完整性比对 | error=Pulsar connection timeout
2026-04-21 22:02:45 | ERROR    | MonitorID.M1 | Dimension.COMPLETENESS | gmdb_plate_info 核心代码不一致 | online=6, snapshot=2, missing=[], extra=["0424", "0439", "0443", "0447"]
2026-04-22 10:43:19 | ERROR    | MonitorID.M2 | Dimension.TIMELINESS | gmdb_plate_info 无当天数据 | send_date=2099-12-31
2026-04-22 10:43:20 | ERROR    | MonitorID.M2 | Dimension.TIMELINESS | gmdb_plate_info 无当天数据 | send_date=2099-12-31
2026-04-22 11:18:54 | ERROR    | MonitorID.M2 | Dimension.TIMELINESS | gmdb_plate_info 无当天数据 | send_date=2099-12-31
2026-04-22 11:18:54 | ERROR    | MonitorID.M2 | Dimension.TIMELINESS | gmdb_plate_info 无当天数据 | send_date=2098-06-15
2026-04-22 11:18:54 | ERROR    | MonitorID.M2 | Dimension.TIMELINESS | dqm_test_gmdb_plate_info 无当天数据 | send_date=2026-04-22
2026-04-22 11:18:54 | ERROR    | MonitorID.M2 | Dimension.TIMELINESS | dqm_test_gmdb_plate_info 无当天数据 | send_date=2026-04-22
2026-04-22 11:18:54 | ERROR    | MonitorID.M2 | Dimension.TIMELINESS | dqm_test_gmdb_plate_info 无当天数据 | send_date=2026-04-22
2026-04-22 11:18:54 | ERROR    | MonitorID.M2 | Dimension.TIMELINESS | dqm_test_gmdb_plate_info 无当天数据 | send_date=2026-04-22
2026-04-22 11:18:54 | ERROR    | MonitorID.M2 | Dimension.TIMELINESS | gmdb_plate_info 无当天数据 | send_date=2099-12-31
2026-04-22 11:18:54 | ERROR    | MonitorID.M2 | Dimension.TIMELINESS | dqm_test_gmdb_plate_info 无当天数据 | send_date=2026-04-22
2026-04-22 11:18:54 | ERROR    | MonitorID.M2 | Dimension.TIMELINESS | dqm_test_gmdb_plate_info 无当天数据 | send_date=2026-04-22
2026-04-22 11:18:54 | ERROR    | MonitorID.M2 | Dimension.TIMELINESS | dqm_test_gmdb_plate_info 无当天数据 | send_date=2026-04-22
2026-04-22 11:21:59 | ERROR    | MonitorID.M2 | Dimension.TIMELINESS | gmdb_plate_info 无当天数据 | send_date=2099-12-31
2026-04-22 11:21:59 | ERROR    | MonitorID.M2 | Dimension.TIMELINESS | gmdb_plate_info 无当天数据 | send_date=2098-06-15
2026-04-22 11:21:59 | ERROR    | MonitorID.M2 | Dimension.TIMELINESS | dqm_test_gmdb_plate_info 无当天数据 | send_date=2026-04-22
2026-04-22 11:21:59 | ERROR    | MonitorID.M2 | Dimension.TIMELINESS | dqm_test_gmdb_plate_info 无当天数据 | send_date=2026-04-22
2026-04-22 11:22:00 | ERROR    | MonitorID.M2 | Dimension.TIMELINESS | dqm_test_gmdb_plate_info 无当天数据 | send_date=2026-04-22
2026-04-22 11:22:00 | ERROR    | MonitorID.M2 | Dimension.TIMELINESS | dqm_test_gmdb_plate_info 无当天数据 | send_date=2026-04-22
2026-04-22 11:22:00 | ERROR    | MonitorID.M2 | Dimension.TIMELINESS | gmdb_plate_info 无当天数据 | send_date=2099-12-31
2026-04-22 11:22:00 | ERROR    | MonitorID.M2 | Dimension.TIMELINESS | dqm_test_gmdb_plate_info 无当天数据 | send_date=2026-04-22
2026-04-22 11:22:00 | ERROR    | MonitorID.M2 | Dimension.TIMELINESS | dqm_test_gmdb_plate_info 无当天数据 | send_date=2026-04-22
2026-04-22 11:22:00 | ERROR    | MonitorID.M2 | Dimension.TIMELINESS | dqm_test_gmdb_plate_info 无当天数据 | send_date=2026-04-22
2026-04-22 11:22:25 | ERROR    | MonitorID.M2 | Dimension.TIMELINESS | gmdb_plate_info 无当天数据 | send_date=2099-12-31
2026-04-22 11:25:09 | ERROR    | MonitorID.M2 | Dimension.TIMELINESS | gmdb_plate_info 无当天数据 | send_date=2099-12-31
2026-04-22 11:25:09 | ERROR    | MonitorID.M2 | Dimension.TIMELINESS | gmdb_plate_info 无当天数据 | send_date=2098-06-15
2026-04-22 11:25:09 | ERROR    | MonitorID.M2 | Dimension.TIMELINESS | dqm_test_gmdb_plate_info 无当天数据 | send_date=2026-04-22
2026-04-22 11:25:09 | ERROR    | MonitorID.M2 | Dimension.TIMELINESS | dqm_test_gmdb_plate_info 无当天数据 | send_date=2026-04-22
2026-04-22 11:25:09 | ERROR    | MonitorID.M2 | Dimension.TIMELINESS | dqm_test_gmdb_plate_info 无当天数据 | send_date=2026-04-22
2026-04-22 11:25:09 | ERROR    | MonitorID.M2 | Dimension.TIMELINESS | dqm_test_gmdb_plate_info 无当天数据 | send_date=2026-04-22
2026-04-22 11:25:09 | ERROR    | MonitorID.M2 | Dimension.TIMELINESS | gmdb_plate_info 无当天数据 | send_date=2099-12-31
2026-04-22 11:25:09 | ERROR    | MonitorID.M2 | Dimension.TIMELINESS | dqm_test_gmdb_plate_info 无当天数据 | send_date=2026-04-22
2026-04-22 11:25:09 | ERROR    | MonitorID.M2 | Dimension.TIMELINESS | dqm_test_gmdb_plate_info 无当天数据 | send_date=2026-04-22
2026-04-22 11:25:09 | ERROR    | MonitorID.M2 | Dimension.TIMELINESS | dqm_test_gmdb_plate_info 无当天数据 | send_date=2026-04-22
2026-04-22 14:14:34 | CRITICAL | MonitorID.M3 | Dimension.ACCURACY | MySQL 查询线上表失败 | table=gmdb_plate_info, error=(1054, "Unknown column 'sum' in 'field list'")
2026-04-22 14:14:35 | ERROR    | MonitorID.M3 | Dimension.ACCURACY | dqm_test_gmdb_plate_info 数据异常 | total=1, errors=1, details=[{"record_key": "000001", "field_name": "stkname", "error_type": "NULL_VALUE", "error_value": "NULL"}]
2026-04-22 14:14:35 | ERROR    | MonitorID.M3 | Dimension.ACCURACY | dqm_test_gmdb_plate_info 数据异常 | total=1, errors=1, details=[{"record_key": "", "field_name": "stkcode", "error_type": "NULL_VALUE", "error_value": ""}]
2026-04-22 14:14:35 | ERROR    | MonitorID.M3 | Dimension.ACCURACY | dqm_test_gmdb_plate_info 数据异常 | total=1, errors=1, details=[{"record_key": "123", "field_name": "stkcode", "error_type": "REGEX_MISMATCH", "error_value": "123"}]
2026-04-22 14:14:35 | ERROR    | MonitorID.M3 | Dimension.ACCURACY | dqm_test_gmdb_plate_info 数据异常 | total=1, errors=1, details=[{"record_key": "000001", "field_name": "std_stkcode", "error_type": "REGEX_MISMATCH", "error_value": "bad_format"}]
2026-04-22 14:14:35 | ERROR    | MonitorID.M3 | Dimension.ACCURACY | dqm_test_gmdb_plate_info 数据异常 | total=1, errors=1, details=[{"record_key": "000001", "field_name": "mst_type", "error_type": "ENUM_INVALID", "error_value": "INVALID_TYPE"}]
2026-04-22 14:14:35 | ERROR    | MonitorID.M3 | Dimension.ACCURACY | dqm_test_gmdb_plate_info 数据异常 | total=1, errors=1, details=[{"record_key": "000001", "field_name": "sum", "error_type": "TYPE_MISMATCH", "error_value": "-5.0"}]
2026-04-22 14:14:35 | ERROR    | MonitorID.M3 | Dimension.ACCURACY | dqm_test_gmdb_plate_info 数据异常 | total=1, errors=4, details=[{"record_key": "000001", "field_name": "stkname", "error_type": "NULL_VALUE", "error_value": "NULL"}, {"record_key": "000001", "field_name": "std_stkcode", "error_type": "REGEX_MISMATCH", "error_value": "bad"}, {"record_key": "000001", "field_name": "mst_type", "error_type": "ENUM_INVALID", "error_value": "INVALID"}, {"record_key": "000001", "field_name": "sum", "error_type": "TYPE_MISMATCH", "error_value": "-1.0"}]
2026-04-22 14:14:35 | ERROR    | MonitorID.M3 | Dimension.ACCURACY | dqm_test_gmdb_plate_info 数据异常 | total=2, errors=2, details=[{"record_key": "000001", "field_name": "stkname", "error_type": "NULL_VALUE", "error_value": "NULL"}, {"record_key": "000002", "field_name": "mst_type", "error_type": "ENUM_INVALID", "error_value": "BAD_TYPE"}]
2026-04-22 14:14:35 | ERROR    | MonitorID.M3 | Dimension.ACCURACY | dqm_test_gmdb_plate_info 数据异常 | total=1, errors=1, details=[{"record_key": "000001", "field_name": "stkname", "error_type": "NULL_VALUE", "error_value": "NULL"}]
2026-04-22 14:14:35 | ERROR    | MonitorID.M3 | Dimension.ACCURACY | dqm_test_gmdb_plate_info 数据异常 | total=1, errors=1, details=[{"record_key": "123", "field_name": "stkcode", "error_type": "REGEX_MISMATCH", "error_value": "123"}]
2026-04-22 14:14:35 | ERROR    | MonitorID.M3 | Dimension.ACCURACY | dqm_test_gmdb_plate_info 数据异常 | total=1, errors=1, details=[{"record_key": "000001", "field_name": "mst_type", "error_type": "ENUM_INVALID", "error_value": "BAD_TYPE"}]
2026-04-22 14:14:35 | ERROR    | MonitorID.M3 | Dimension.ACCURACY | dqm_test_gmdb_plate_info 数据异常 | total=1, errors=1, details=[{"record_key": "000001", "field_name": "sum", "error_type": "TYPE_MISMATCH", "error_value": "-5.0"}]
2026-04-22 14:14:35 | ERROR    | MonitorID.M3 | Dimension.ACCURACY | dqm_test_gmdb_plate_info 数据异常 | total=1, errors=5, details=[{"record_key": "123", "field_name": "stkcode", "error_type": "REGEX_MISMATCH", "error_value": "123"}, {"record_key": "123", "field_name": "stkname", "error_type": "NULL_VALUE", "error_value": "NULL"}, {"record_key": "123", "field_name": "std_stkcode", "error_type": "REGEX_MISMATCH", "error_value": "bad"}, {"record_key": "123", "field_name": "mst_type", "error_type": "ENUM_INVALID", "error_value": "INVALID"}, {"record_key": "123", "field_name": "sum", "error_type": "TYPE_MISMATCH", "error_value": "-1.0"}]
2026-04-22 14:19:09 | ERROR    | MonitorID.M3 | Dimension.ACCURACY | dqm_test_gmdb_plate_info 数据异常 | total=1, errors=1, details=[{"record_key": "000001", "field_name": "stkname", "error_type": "NULL_VALUE", "error_value": "NULL"}]
2026-04-22 14:19:09 | ERROR    | MonitorID.M3 | Dimension.ACCURACY | dqm_test_gmdb_plate_info 数据异常 | total=1, errors=1, details=[{"record_key": "", "field_name": "stkcode", "error_type": "NULL_VALUE", "error_value": ""}]
2026-04-22 14:19:09 | ERROR    | MonitorID.M3 | Dimension.ACCURACY | dqm_test_gmdb_plate_info 数据异常 | total=1, errors=1, details=[{"record_key": "123", "field_name": "stkcode", "error_type": "REGEX_MISMATCH", "error_value": "123"}]
2026-04-22 14:19:09 | ERROR    | MonitorID.M3 | Dimension.ACCURACY | dqm_test_gmdb_plate_info 数据异常 | total=1, errors=1, details=[{"record_key": "000001", "field_name": "std_stkcode", "error_type": "REGEX_MISMATCH", "error_value": "bad_format"}]
2026-04-22 14:19:09 | ERROR    | MonitorID.M3 | Dimension.ACCURACY | dqm_test_gmdb_plate_info 数据异常 | total=1, errors=1, details=[{"record_key": "000001", "field_name": "mst_type", "error_type": "ENUM_INVALID", "error_value": "INVALID_TYPE"}]
2026-04-22 14:19:09 | ERROR    | MonitorID.M3 | Dimension.ACCURACY | dqm_test_gmdb_plate_info 数据异常 | total=1, errors=2, details=[{"record_key": "000001", "field_name": "stkname", "error_type": "NULL_VALUE", "error_value": "NULL"}, {"record_key": "000001", "field_name": "zhishubankuaileibie", "error_type": "NULL_VALUE", "error_value": "NULL"}]
2026-04-22 14:19:09 | ERROR    | MonitorID.M3 | Dimension.ACCURACY | dqm_test_gmdb_plate_info 数据异常 | total=1, errors=3, details=[{"record_key": "000001", "field_name": "stkname", "error_type": "NULL_VALUE", "error_value": "NULL"}, {"record_key": "000001", "field_name": "std_stkcode", "error_type": "REGEX_MISMATCH", "error_value": "bad"}, {"record_key": "000001", "field_name": "mst_type", "error_type": "ENUM_INVALID", "error_value": "INVALID"}]
2026-04-22 14:19:09 | ERROR    | MonitorID.M3 | Dimension.ACCURACY | dqm_test_gmdb_plate_info 数据异常 | total=2, errors=2, details=[{"record_key": "000001", "field_name": "stkname", "error_type": "NULL_VALUE", "error_value": "NULL"}, {"record_key": "000002", "field_name": "mst_type", "error_type": "ENUM_INVALID", "error_value": "BAD_TYPE"}]
2026-04-22 14:19:09 | ERROR    | MonitorID.M3 | Dimension.ACCURACY | dqm_test_gmdb_plate_info 数据异常 | total=1, errors=1, details=[{"record_key": "000001", "field_name": "stkname", "error_type": "NULL_VALUE", "error_value": "NULL"}]
2026-04-22 14:19:09 | ERROR    | MonitorID.M3 | Dimension.ACCURACY | dqm_test_gmdb_plate_info 数据异常 | total=1, errors=1, details=[{"record_key": "123", "field_name": "stkcode", "error_type": "REGEX_MISMATCH", "error_value": "123"}]
2026-04-22 14:19:09 | ERROR    | MonitorID.M3 | Dimension.ACCURACY | dqm_test_gmdb_plate_info 数据异常 | total=1, errors=1, details=[{"record_key": "000001", "field_name": "mst_type", "error_type": "ENUM_INVALID", "error_value": "BAD_TYPE"}]
2026-04-22 14:19:09 | ERROR    | MonitorID.M3 | Dimension.ACCURACY | dqm_test_gmdb_plate_info 数据异常 | total=1, errors=2, details=[{"record_key": "000001", "field_name": "stkname", "error_type": "NULL_VALUE", "error_value": "NULL"}, {"record_key": "000001", "field_name": "zhishubankuaileibie", "error_type": "NULL_VALUE", "error_value": "NULL"}]
2026-04-22 14:19:09 | ERROR    | MonitorID.M3 | Dimension.ACCURACY | dqm_test_gmdb_plate_info 数据异常 | total=1, errors=4, details=[{"record_key": "123", "field_name": "stkcode", "error_type": "REGEX_MISMATCH", "error_value": "123"}, {"record_key": "123", "field_name": "stkname", "error_type": "NULL_VALUE", "error_value": "NULL"}, {"record_key": "123", "field_name": "std_stkcode", "error_type": "REGEX_MISMATCH", "error_value": "bad"}, {"record_key": "123", "field_name": "mst_type", "error_type": "ENUM_INVALID", "error_value": "INVALID"}]
2026-04-22 14:22:01 | ERROR    | MonitorID.M1 | Dimension.COMPLETENESS | gmdb_plate_info 核心代码不一致 | online=6, snapshot=2, missing=[], extra=["0424", "0439", "0443", "0447"]
2026-04-22 14:22:02 | ERROR    | MonitorID.M1 | Dimension.COMPLETENESS | gmdb_plate_info 核心代码不一致 | online=6, snapshot=1, missing=[], extra=["0424", "0438", "0439", "0443", "0447"]
2026-04-22 14:22:02 | WARNING  | MonitorID.M1 | Dimension.COMPLETENESS | Pulsar 采集失败，跳过完整性比对 | error=Pulsar connection timeout
2026-04-22 14:22:02 | ERROR    | MonitorID.M2 | Dimension.TIMELINESS | gmdb_plate_info 无当天数据 | send_date=2099-12-31
2026-04-22 14:22:02 | ERROR    | MonitorID.M2 | Dimension.TIMELINESS | gmdb_plate_info 无当天数据 | send_date=2098-06-15
2026-04-22 14:22:02 | ERROR    | MonitorID.M2 | Dimension.TIMELINESS | dqm_test_gmdb_plate_info 无当天数据 | send_date=2026-04-22
2026-04-22 14:22:02 | ERROR    | MonitorID.M2 | Dimension.TIMELINESS | dqm_test_gmdb_plate_info 无当天数据 | send_date=2026-04-22
2026-04-22 14:22:02 | ERROR    | MonitorID.M2 | Dimension.TIMELINESS | dqm_test_gmdb_plate_info 无当天数据 | send_date=2026-04-22
2026-04-22 14:22:02 | ERROR    | MonitorID.M2 | Dimension.TIMELINESS | dqm_test_gmdb_plate_info 无当天数据 | send_date=2026-04-22
2026-04-22 14:22:02 | ERROR    | MonitorID.M2 | Dimension.TIMELINESS | gmdb_plate_info 无当天数据 | send_date=2099-12-31
2026-04-22 14:22:02 | ERROR    | MonitorID.M2 | Dimension.TIMELINESS | dqm_test_gmdb_plate_info 无当天数据 | send_date=2026-04-22
2026-04-22 14:22:02 | ERROR    | MonitorID.M2 | Dimension.TIMELINESS | dqm_test_gmdb_plate_info 无当天数据 | send_date=2026-04-22
2026-04-22 14:22:02 | ERROR    | MonitorID.M2 | Dimension.TIMELINESS | dqm_test_gmdb_plate_info 无当天数据 | send_date=2026-04-22
2026-04-22 14:22:02 | ERROR    | MonitorID.M3 | Dimension.ACCURACY | dqm_test_gmdb_plate_info 数据异常 | total=1, errors=1, details=[{"record_key": "000001", "field_name": "stkname", "error_type": "NULL_VALUE", "error_value": "NULL"}]
2026-04-22 14:22:02 | ERROR    | MonitorID.M3 | Dimension.ACCURACY | dqm_test_gmdb_plate_info 数据异常 | total=1, errors=1, details=[{"record_key": "", "field_name": "stkcode", "error_type": "NULL_VALUE", "error_value": ""}]
2026-04-22 14:22:02 | ERROR    | MonitorID.M3 | Dimension.ACCURACY | dqm_test_gmdb_plate_info 数据异常 | total=1, errors=1, details=[{"record_key": "123", "field_name": "stkcode", "error_type": "REGEX_MISMATCH", "error_value": "123"}]
2026-04-22 14:22:02 | ERROR    | MonitorID.M3 | Dimension.ACCURACY | dqm_test_gmdb_plate_info 数据异常 | total=1, errors=1, details=[{"record_key": "000001", "field_name": "std_stkcode", "error_type": "REGEX_MISMATCH", "error_value": "bad_format"}]
2026-04-22 14:22:02 | ERROR    | MonitorID.M3 | Dimension.ACCURACY | dqm_test_gmdb_plate_info 数据异常 | total=1, errors=1, details=[{"record_key": "000001", "field_name": "mst_type", "error_type": "ENUM_INVALID", "error_value": "INVALID_TYPE"}]
2026-04-22 14:22:02 | ERROR    | MonitorID.M3 | Dimension.ACCURACY | dqm_test_gmdb_plate_info 数据异常 | total=1, errors=2, details=[{"record_key": "000001", "field_name": "stkname", "error_type": "NULL_VALUE", "error_value": "NULL"}, {"record_key": "000001", "field_name": "zhishubankuaileibie", "error_type": "NULL_VALUE", "error_value": "NULL"}]
2026-04-22 14:22:02 | ERROR    | MonitorID.M3 | Dimension.ACCURACY | dqm_test_gmdb_plate_info 数据异常 | total=1, errors=3, details=[{"record_key": "000001", "field_name": "stkname", "error_type": "NULL_VALUE", "error_value": "NULL"}, {"record_key": "000001", "field_name": "std_stkcode", "error_type": "REGEX_MISMATCH", "error_value": "bad"}, {"record_key": "000001", "field_name": "mst_type", "error_type": "ENUM_INVALID", "error_value": "INVALID"}]
2026-04-22 14:22:02 | ERROR    | MonitorID.M3 | Dimension.ACCURACY | dqm_test_gmdb_plate_info 数据异常 | total=2, errors=2, details=[{"record_key": "000001", "field_name": "stkname", "error_type": "NULL_VALUE", "error_value": "NULL"}, {"record_key": "000002", "field_name": "mst_type", "error_type": "ENUM_INVALID", "error_value": "BAD_TYPE"}]
2026-04-22 14:22:02 | ERROR    | MonitorID.M3 | Dimension.ACCURACY | dqm_test_gmdb_plate_info 数据异常 | total=1, errors=1, details=[{"record_key": "000001", "field_name": "stkname", "error_type": "NULL_VALUE", "error_value": "NULL"}]
2026-04-22 14:22:02 | ERROR    | MonitorID.M3 | Dimension.ACCURACY | dqm_test_gmdb_plate_info 数据异常 | total=1, errors=1, details=[{"record_key": "123", "field_name": "stkcode", "error_type": "REGEX_MISMATCH", "error_value": "123"}]
2026-04-22 14:22:02 | ERROR    | MonitorID.M3 | Dimension.ACCURACY | dqm_test_gmdb_plate_info 数据异常 | total=1, errors=1, details=[{"record_key": "000001", "field_name": "mst_type", "error_type": "ENUM_INVALID", "error_value": "BAD_TYPE"}]
2026-04-22 14:22:02 | ERROR    | MonitorID.M3 | Dimension.ACCURACY | dqm_test_gmdb_plate_info 数据异常 | total=1, errors=2, details=[{"record_key": "000001", "field_name": "stkname", "error_type": "NULL_VALUE", "error_value": "NULL"}, {"record_key": "000001", "field_name": "zhishubankuaileibie", "error_type": "NULL_VALUE", "error_value": "NULL"}]
2026-04-22 14:22:02 | ERROR    | MonitorID.M3 | Dimension.ACCURACY | dqm_test_gmdb_plate_info 数据异常 | total=1, errors=4, details=[{"record_key": "123", "field_name": "stkcode", "error_type": "REGEX_MISMATCH", "error_value": "123"}, {"record_key": "123", "field_name": "stkname", "error_type": "NULL_VALUE", "error_value": "NULL"}, {"record_key": "123", "field_name": "std_stkcode", "error_type": "REGEX_MISMATCH", "error_value": "bad"}, {"record_key": "123", "field_name": "mst_type", "error_type": "ENUM_INVALID", "error_value": "INVALID"}]
2026-04-22 14:22:02 | WARNING  | MonitorID.M1 | Dimension.COMPLETENESS | Pulsar 连接失败(第1次): Connection refused
2026-04-22 14:22:02 | WARNING  | MonitorID.M1 | Dimension.COMPLETENESS | Pulsar 连接失败(第2次): Connection refused
2026-04-22 14:22:02 | CRITICAL | MonitorID.M1 | Dimension.COMPLETENESS | Pulsar 连接失败，跳过完整性比对 | error=Connection refused
2026-04-22 14:22:02 | WARNING  | MonitorID.M1 | Dimension.COMPLETENESS | Pulsar 连接失败(第1次): Timeout
2026-04-22 14:22:12 | CRITICAL | MonitorID.M1 | Dimension.COMPLETENESS | MySQL 查询线上表失败 | table=gmdb_plate_info, error=DB Error
2026-04-22 14:22:12 | CRITICAL | MonitorID.M1 | Dimension.COMPLETENESS | 检查异常: Pulsar down
